<?xml version="1.0" encoding="UTF-8"?>
<!-- Generated by org.testng.reporters.JUnitXMLReporter -->
<testsuite ignored="0" hostname="DESKTOP-DRTC6PB" failures="0" tests="1" name="Default test" time="5.487" errors="0" timestamp="2024-10-09T10:36:50 IST">
  <testcase classname="com.mvn.BaseTest" name="@BeforeTest test" time="5.226">
    <failure type="org.openqa.selenium.SessionNotCreatedException" message="Could not start a new session. Response code 500. Message: An unknown server-side error occurred while processing the command. Original error: Check https://github.com/appium/appium/issues/13802 for throubleshooting. Error executing adbExec. Original error: &amp;apos;Command &amp;apos;C:\\Users\\os\\AppData\\Local\\Android\\Sdk\\platform-tools\\adb.exe -P 5037 -s ddaabb9f shell &amp;apos;settings delete global hidden_api_policy_pre_p_apps;settings delete global hidden_api_policy_p_apps;settings delete global hidden_api_policy&amp;apos;&amp;apos; exited with code 255&amp;apos;; Command output: 
Exception occurred while executing &amp;apos;delete&amp;apos;:
java.lang.SecurityException: Permission denial: writing to settings requires:android.permission.WRITE_SECURE_SETTINGS
	at com.android.providers.settings.SettingsProvider.enforceWritePermission(SettingsProvider.java:2374)
	at com.android.providers.settings.SettingsProvider.mutateGlobalSetting(SettingsProvider.java:1413)
	at com.android.providers.settings.SettingsProvider.mutateGlobalSetting(SettingsProvider.java:1405)
	at com.android.providers.settings.SettingsProvider.deleteGlobalSetting(SettingsProvider.java:1376)
	at com.android.providers.settings.SettingsProvider.call(SettingsProvider.java:561)
	at android.content.ContentProvider.call(ContentProvider.java:2448)
	at android.content.ContentProvider$Transport.call(ContentProvider.java:517)
	at com.android.providers.settings.SettingsService$MyShellCommand.deleteForUser(SettingsService.java:399)
	at com.android.providers.settings.SettingsService$MyShellCommand.onCommand(SettingsService.java:281)
	at android.os.BasicShellCommandHandler.exec(BasicShellCommandHandler.java:98)
	at android.os.ShellCommand.exec(ShellCommand.java:44)
	at com.android.providers.settings.SettingsService.onShellCommand(SettingsService.java:49)
	at android.os.Binder.shellCommand(Binder.java:936)
	at android.os.Binder.onTransact(Binder.java:820)
	at android.os.Binder.execTransactInternal(Binder.java:1166)
	at android.os.Binder.execTransact(Binder.java:1130)

Exception occurred while executing &amp;apos;delete&amp;apos;:
java.lang.SecurityException: Permission denial: writing to settings requires:android.permission.WRITE_SECURE_SETTINGS
	at com.android.providers.settings.SettingsProvider.enforceWritePermission(SettingsProvider.java:2374)
	at com.android.providers.settings.SettingsProvider.mutateGlobalSetting(SettingsProvider.java:1413)
	at com.android.providers.settings.SettingsProvider.mutateGlobalSetting(SettingsProvider.java:1405)
	at com.android.providers.settings.SettingsProvider.deleteGlobalSetting(SettingsProvider.java:1376)
	at com.android.providers.settings.SettingsProvider.call(SettingsProvider.java:561)
	at android.content.ContentProvider.call(ContentProvider.java:2448)
	at android.content.ContentProvider$Transport.call(ContentProvider.java:517)
	at com.android.providers.settings.SettingsService$MyShellCommand.deleteForUser(SettingsService.java:399)
	at com.android.providers.settings.SettingsService$MyShellCommand.onCommand(SettingsService.java:281)
	at android.os.BasicShellCommandHandler.exec(BasicShellCommandHandler.java:98)
	at android.os.ShellCommand.exec(ShellCommand.java:44)
	at com.android.providers.settings.SettingsService.onShellCommand(SettingsService.java:49)
	at android.os.Binder.shellCommand(Binder.java:936)
	at android.os.Binder.onTransact(Binder.java:820)
	at android.os.Binder.execTransactInternal(Binder.java:1166)
	at android.os.Binder.execTransact(Binder.java:1130)

Exception occurred while executing &amp;apos;delete&amp;apos;:
java.lang.SecurityException: Permission denial: writing to settings requires:android.permission.WRITE_SECURE_SETTINGS
	at com.android.providers.settings.SettingsProvider.enforceWritePermission(SettingsProvider.java:2374)
	at com.android.providers.settings.SettingsProvider.mutateGlobalSetting(SettingsProvider.java:1413)
	at com.android.providers.settings.SettingsProvider.mutateGlobalSetting(SettingsProvider.java:1405)
	at com.android.providers.settings.SettingsProvider.deleteGlobalSetting(SettingsProvider.java:1376)
	at com.android.providers.settings.SettingsProvider.call(SettingsProvider.java:561)
	at android.content.ContentProvider.call(ContentProvider.java:2448)
	at android.content.ContentProvider$Transport.call(ContentProvider.java:517)
	at com.android.providers.settings.SettingsService$MyShellCommand.deleteForUser(SettingsService.java:399)
	at com.android.providers.settings.SettingsService$MyShellCommand.onCommand(SettingsService.java:281)
	at android.os.BasicShellCommandHandler.exec(BasicShellCommandHandler.java:98)
	at android.os.ShellCommand.exec(ShellCommand.java:44)
	at com.android.providers.settings.SettingsService.onShellCommand(SettingsService.java:49)
	at android.os.Binder.shellCommand(Binder.java:936)
	at android.os.Binder.onTransact(Binder.java:820)
	at android.os.Binder.execTransactInternal(Binder.java:1166)
	at android.os.Binder.execTransact(Binder.java:1130)
 
Host info: host: &amp;apos;DESKTOP-DRTC6PB&amp;apos;, ip: &amp;apos;127.0.0.1&amp;apos;
Build info: version: &amp;apos;4.13.0&amp;apos;, revision: &amp;apos;ba948ece5b*&amp;apos;
System info: os.name: &amp;apos;Windows 11&amp;apos;, os.arch: &amp;apos;amd64&amp;apos;, os.version: &amp;apos;10.0&amp;apos;, java.version: &amp;apos;18.0.1.1&amp;apos;
Driver info: io.appium.java_client.android.AndroidDriver
Command: [null, newSession {capabilities=[{appium:deviceName=ajay, platformName=ANDROID, appium:automationName=UIAutomator2, appium:app=E:\Tops 2024\appium\apk file-20240916T045753Z-001\apk file\ApiDemos-debug.apk}], desiredCapabilities=Capabilities {appium:app: E:\Tops 2024\appium\apk fil..., appium:automationName: UIAutomator2, appium:deviceName: ajay, platformName: ANDROID}}]
Capabilities {appium:app: E:\Tops 2024\appium\apk fil..., appium:automationName: UIAutomator2, appium:deviceName: ajay, platformName: ANDROID}">
      <![CDATA[org.openqa.selenium.SessionNotCreatedException: Could not start a new session. Response code 500. Message: An unknown server-side error occurred while processing the command. Original error: Check https://github.com/appium/appium/issues/13802 for throubleshooting. Error executing adbExec. Original error: 'Command 'C:\\Users\\os\\AppData\\Local\\Android\\Sdk\\platform-tools\\adb.exe -P 5037 -s ddaabb9f shell 'settings delete global hidden_api_policy_pre_p_apps;settings delete global hidden_api_policy_p_apps;settings delete global hidden_api_policy'' exited with code 255'; Command output: 
Exception occurred while executing 'delete':
java.lang.SecurityException: Permission denial: writing to settings requires:android.permission.WRITE_SECURE_SETTINGS
at com.android.providers.settings.SettingsProvider.enforceWritePermission(SettingsProvider.java:2374)
at com.android.providers.settings.SettingsProvider.mutateGlobalSetting(SettingsProvider.java:1413)
at com.android.providers.settings.SettingsProvider.mutateGlobalSetting(SettingsProvider.java:1405)
at com.android.providers.settings.SettingsProvider.deleteGlobalSetting(SettingsProvider.java:1376)
at com.android.providers.settings.SettingsProvider.call(SettingsProvider.java:561)
at android.content.ContentProvider.call(ContentProvider.java:2448)
at android.content.ContentProvider$Transport.call(ContentProvider.java:517)
at com.android.providers.settings.SettingsService$MyShellCommand.deleteForUser(SettingsService.java:399)
at com.android.providers.settings.SettingsService$MyShellCommand.onCommand(SettingsService.java:281)
at android.os.BasicShellCommandHandler.exec(BasicShellCommandHandler.java:98)
at android.os.ShellCommand.exec(ShellCommand.java:44)
at com.android.providers.settings.SettingsService.onShellCommand(SettingsService.java:49)
at android.os.Binder.shellCommand(Binder.java:936)
at android.os.Binder.onTransact(Binder.java:820)
at android.os.Binder.execTransactInternal(Binder.java:1166)
at android.os.Binder.execTransact(Binder.java:1130)

Exception occurred while executing 'delete':
java.lang.SecurityException: Permission denial: writing to settings requires:android.permission.WRITE_SECURE_SETTINGS
at com.android.providers.settings.SettingsProvider.enforceWritePermission(SettingsProvider.java:2374)
at com.android.providers.settings.SettingsProvider.mutateGlobalSetting(SettingsProvider.java:1413)
at com.android.providers.settings.SettingsProvider.mutateGlobalSetting(SettingsProvider.java:1405)
at com.android.providers.settings.SettingsProvider.deleteGlobalSetting(SettingsProvider.java:1376)
at com.android.providers.settings.SettingsProvider.call(SettingsProvider.java:561)
at android.content.ContentProvider.call(ContentProvider.java:2448)
at android.content.ContentProvider$Transport.call(ContentProvider.java:517)
at com.android.providers.settings.SettingsService$MyShellCommand.deleteForUser(SettingsService.java:399)
at com.android.providers.settings.SettingsService$MyShellCommand.onCommand(SettingsService.java:281)
at android.os.BasicShellCommandHandler.exec(BasicShellCommandHandler.java:98)
at android.os.ShellCommand.exec(ShellCommand.java:44)
at com.android.providers.settings.SettingsService.onShellCommand(SettingsService.java:49)
at android.os.Binder.shellCommand(Binder.java:936)
at android.os.Binder.onTransact(Binder.java:820)
at android.os.Binder.execTransactInternal(Binder.java:1166)
at android.os.Binder.execTransact(Binder.java:1130)

Exception occurred while executing 'delete':
java.lang.SecurityException: Permission denial: writing to settings requires:android.permission.WRITE_SECURE_SETTINGS
at com.android.providers.settings.SettingsProvider.enforceWritePermission(SettingsProvider.java:2374)
at com.android.providers.settings.SettingsProvider.mutateGlobalSetting(SettingsProvider.java:1413)
at com.android.providers.settings.SettingsProvider.mutateGlobalSetting(SettingsProvider.java:1405)
at com.android.providers.settings.SettingsProvider.deleteGlobalSetting(SettingsProvider.java:1376)
at com.android.providers.settings.SettingsProvider.call(SettingsProvider.java:561)
at android.content.ContentProvider.call(ContentProvider.java:2448)
at android.content.ContentProvider$Transport.call(ContentProvider.java:517)
at com.android.providers.settings.SettingsService$MyShellCommand.deleteForUser(SettingsService.java:399)
at com.android.providers.settings.SettingsService$MyShellCommand.onCommand(SettingsService.java:281)
at android.os.BasicShellCommandHandler.exec(BasicShellCommandHandler.java:98)
at android.os.ShellCommand.exec(ShellCommand.java:44)
at com.android.providers.settings.SettingsService.onShellCommand(SettingsService.java:49)
at android.os.Binder.shellCommand(Binder.java:936)
at android.os.Binder.onTransact(Binder.java:820)
at android.os.Binder.execTransactInternal(Binder.java:1166)
at android.os.Binder.execTransact(Binder.java:1130)
 
Host info: host: 'DESKTOP-DRTC6PB', ip: '127.0.0.1'
Build info: version: '4.13.0', revision: 'ba948ece5b*'
System info: os.name: 'Windows 11', os.arch: 'amd64', os.version: '10.0', java.version: '18.0.1.1'
Driver info: io.appium.java_client.android.AndroidDriver
Command: [null, newSession {capabilities=[{appium:deviceName=ajay, platformName=ANDROID, appium:automationName=UIAutomator2, appium:app=E:\Tops 2024\appium\apk file-20240916T045753Z-001\apk file\ApiDemos-debug.apk}], desiredCapabilities=Capabilities {appium:app: E:\Tops 2024\appium\apk fil..., appium:automationName: UIAutomator2, appium:deviceName: ajay, platformName: ANDROID}}]
Capabilities {appium:app: E:\Tops 2024\appium\apk fil..., appium:automationName: UIAutomator2, appium:deviceName: ajay, platformName: ANDROID}
at org.openqa.selenium.remote.ProtocolHandshake.createSession(ProtocolHandshake.java:140)
at java.base/jdk.internal.reflect.DirectMethodHandleAccessor.invoke(DirectMethodHandleAccessor.java:104)
at java.base/java.lang.reflect.Method.invoke(Method.java:577)
at io.appium.java_client.remote.AppiumProtocolHandshake.createSession(AppiumProtocolHandshake.java:133)
at io.appium.java_client.remote.AppiumProtocolHandshake.createSession(AppiumProtocolHandshake.java:102)
at io.appium.java_client.remote.AppiumCommandExecutor.createSession(AppiumCommandExecutor.java:182)
at io.appium.java_client.remote.AppiumCommandExecutor.execute(AppiumCommandExecutor.java:250)
at org.openqa.selenium.remote.RemoteWebDriver.execute(RemoteWebDriver.java:602)
at io.appium.java_client.AppiumDriver.startSession(AppiumDriver.java:274)
at org.openqa.selenium.remote.RemoteWebDriver.<init>(RemoteWebDriver.java:163)
at io.appium.java_client.AppiumDriver.<init>(AppiumDriver.java:89)
at io.appium.java_client.AppiumDriver.<init>(AppiumDriver.java:101)
at io.appium.java_client.android.AndroidDriver.<init>(AndroidDriver.java:113)
at com.mvn.BaseTest.test(BaseTest.java:45)
at java.base/jdk.internal.reflect.DirectMethodHandleAccessor.invoke(DirectMethodHandleAccessor.java:104)
at java.base/java.lang.reflect.Method.invoke(Method.java:577)
at org.testng.internal.invokers.MethodInvocationHelper.invokeMethod(MethodInvocationHelper.java:139)
at org.testng.internal.invokers.MethodInvocationHelper.invokeMethodConsideringTimeout(MethodInvocationHelper.java:69)
at org.testng.internal.invokers.ConfigInvoker.invokeConfigurationMethod(ConfigInvoker.java:390)
at org.testng.internal.invokers.ConfigInvoker.invokeConfigurations(ConfigInvoker.java:325)
at org.testng.TestRunner.invokeTestConfigurations(TestRunner.java:663)
at org.testng.TestRunner.beforeRun(TestRunner.java:652)
at org.testng.TestRunner.run(TestRunner.java:614)
at org.testng.SuiteRunner.runTest(SuiteRunner.java:443)
at org.testng.SuiteRunner.runSequentially(SuiteRunner.java:437)
at org.testng.SuiteRunner.privateRun(SuiteRunner.java:397)
at org.testng.SuiteRunner.run(SuiteRunner.java:336)
at org.testng.SuiteRunnerWorker.runSuite(SuiteRunnerWorker.java:52)
at org.testng.SuiteRunnerWorker.run(SuiteRunnerWorker.java:95)
at org.testng.TestNG.runSuitesSequentially(TestNG.java:1280)
at org.testng.TestNG.runSuitesLocally(TestNG.java:1200)
at org.testng.TestNG.runSuites(TestNG.java:1114)
at org.testng.TestNG.run(TestNG.java:1082)
at org.testng.remote.AbstractRemoteTestNG.run(AbstractRemoteTestNG.java:115)
at org.testng.remote.RemoteTestNG.initAndRun(RemoteTestNG.java:293)
at org.testng.remote.RemoteTestNG.main(RemoteTestNG.java:91)
]]>
    </failure>
  </testcase> <!-- @BeforeTest test -->
  <testcase classname="com.mvn.BaseTest" name="@AfterTest tearDown" time="0.0">
    <skipped/>
  </testcase> <!-- @AfterTest tearDown -->
  <testcase classname="com.mvn.ScrollDemo" name="scroll" time="0.0">
    <skipped/>
  </testcase> <!-- scroll -->
</testsuite> <!-- Default test -->
