<?xml version="1.0" encoding="UTF-8"?>
<testng-results ignored="0" total="1" passed="1" failed="0" skipped="0">
  <reporter-output>
  </reporter-output>
  <suite started-at="2024-09-29T13:22:23 IST" name="Default suite" finished-at="2024-09-29T13:23:30 IST" duration-ms="67454">
    <groups>
    </groups>
    <test started-at="2024-09-29T13:22:23 IST" name="Default test" finished-at="2024-09-29T13:23:30 IST" duration-ms="67454">
      <class name="com.mvn.ApkApp">
        <test-method is-config="true" signature="test()[pri:0, instance:com.mvn.ApkApp@1aafa419]" started-at="2024-09-29T13:22:23 IST" name="test" finished-at="2024-09-29T13:22:58 IST" duration-ms="34881" status="PASS">
          <reporter-output>
          </reporter-output>
        </test-method> <!-- test -->
        <test-method signature="app()[pri:0, instance:com.mvn.ApkApp@1aafa419]" started-at="2024-09-29T13:22:58 IST" name="app" finished-at="2024-09-29T13:23:27 IST" duration-ms="29123" status="PASS">
          <reporter-output>
          </reporter-output>
        </test-method> <!-- app -->
        <test-method is-config="true" signature="tearDown()[pri:0, instance:com.mvn.ApkApp@1aafa419]" started-at="2024-09-29T13:23:27 IST" name="tearDown" finished-at="2024-09-29T13:23:30 IST" duration-ms="3368" status="PASS">
          <reporter-output>
          </reporter-output>
        </test-method> <!-- tearDown -->
      </class> <!-- com.mvn.ApkApp -->
    </test> <!-- Default test -->
  </suite> <!-- Default suite -->
</testng-results>
